<?xml version="1.0" encoding="utf-8" standalone="no"?>
<!--This file represents the results of running a test suite-->
<test-results name="C:\uczelnia\POO\Lista4\lista4\Project3.nunit" total="2" errors="0" failures="0" not-run="0" inconclusive="0" ignored="0" skipped="0" invalid="0" date="2018-03-23" time="21:28:18">
  <environment nunit-version="2.6.4.14350" clr-version="2.0.50727.8762" os-version="Microsoft Windows NT 6.2.9200.0" platform="Win32NT" cwd="C:\Users\Satyr\.nuget\packages\nunit.runners\2.6.4\tools" machine-name="LAYLOU" user="Satyr" user-domain="laylou" />
  <culture-info current-culture="pl-PL" current-uiculture="en-US" />
  <test-suite type="Project" name="C:\uczelnia\POO\Lista4\lista4\Project3.nunit" executed="True" result="Success" success="True" time="0.069" asserts="0">
    <results>
      <test-suite type="Assembly" name="C:\uczelnia\POO\Lista4\lista4\Zad1Tests\bin\Debug\Zad1Tests.dll" executed="True" result="Success" success="True" time="0.055" asserts="0">
        <results>
          <test-suite type="Namespace" name="Zad1Tests" executed="True" result="Success" success="True" time="0.055" asserts="0">
            <results>
              <test-suite type="TestFixture" name="Zad1Test" executed="True" result="Success" success="True" time="0.053" asserts="0">
                <results>
                  <test-case name="Zad1Tests.Zad1Test.SingletonTest" executed="True" result="Success" success="True" time="0.037" asserts="1" />
                  <test-case name="Zad1Tests.Zad1Test.SingletonTest2" executed="True" result="Success" success="True" time="0.000" asserts="1" />
                </results>
              </test-suite>
            </results>
          </test-suite>
        </results>
      </test-suite>
    </results>
  </test-suite>
</test-results>